2024-01-01 07:05:40,820 - logger - INFO - Getting all problem urls /p/all
2024-01-01 07:05:40,821 - logger - INFO - Making bulk requests to 76 urls
2024-01-01 07:05:41,256 - logger - INFO - Fetched 10/76 requests
2024-01-01 07:05:41,343 - logger - INFO - Fetched 20/76 requests
2024-01-01 07:05:41,417 - logger - INFO - Fetched 30/76 requests
2024-01-01 07:05:41,492 - logger - INFO - Fetched 40/76 requests
2024-01-01 07:05:41,579 - logger - INFO - Fetched 50/76 requests
2024-01-01 07:05:41,653 - logger - INFO - Fetched 60/76 requests
2024-01-01 07:05:41,725 - logger - INFO - Fetched 70/76 requests
2024-01-01 07:05:41,792 - logger - INFO - Fetched 76/76 requests
2024-01-01 07:05:41,793 - logger - INFO - Extracting problem urls from response
2024-01-01 07:05:41,826 - logger - INFO - Got 0 problem urls and saved to file
2024-01-01 07:05:41,826 - logger - INFO - Making bulk requests to 0 urls
2024-01-01 07:05:41,827 - logger - INFO - Fetching leaderboard done
2024-01-01 07:05:41,827 - logger - INFO - Dumping unsolved problems
2024-01-01 07:05:41,827 - logger - INFO - Dumping data to Data/unsolved.json
2024-01-01 07:05:41,828 - logger - INFO - Sorting leaderboard
2024-01-01 07:06:04,830 - logger - INFO - Getting all problem urls /p/all
2024-01-01 07:06:04,830 - logger - INFO - Making bulk requests to 76 urls
2024-01-01 07:06:04,917 - logger - INFO - Fetched 10/76 requests
2024-01-01 07:06:04,990 - logger - INFO - Fetched 20/76 requests
2024-01-01 07:06:05,063 - logger - INFO - Fetched 30/76 requests
2024-01-01 07:06:05,136 - logger - INFO - Fetched 40/76 requests
2024-01-01 07:06:05,216 - logger - INFO - Fetched 50/76 requests
2024-01-01 07:06:05,287 - logger - INFO - Fetched 60/76 requests
2024-01-01 07:06:05,359 - logger - INFO - Fetched 70/76 requests
2024-01-01 07:06:05,427 - logger - INFO - Fetched 76/76 requests
2024-01-01 07:06:05,428 - logger - INFO - Extracting problem urls from response
2024-01-01 07:06:05,461 - logger - INFO - Got 0 problem urls and saved to file
2024-01-01 07:06:05,461 - logger - INFO - Making bulk requests to 0 urls
2024-01-01 07:06:05,462 - logger - INFO - Fetching leaderboard done
2024-01-01 07:06:05,462 - logger - INFO - Dumping unsolved problems
2024-01-01 07:06:05,462 - logger - INFO - Dumping data to Data/unsolved.json
2024-01-01 07:06:05,463 - logger - INFO - Sorting leaderboard
2024-01-01 07:06:24,267 - logger - INFO - Getting all problem urls /p/all
2024-01-01 07:06:24,267 - logger - INFO - Making bulk requests to 76 urls
2024-01-01 07:08:50,901 - logger - INFO - Getting all problem urls /p/all
2024-01-01 07:08:50,902 - logger - INFO - Making bulk requests to 76 urls
2024-01-01 07:08:51,993 - logger - INFO - Fetched 5/76 requests
2024-01-01 07:08:52,147 - logger - INFO - Fetched 10/76 requests
2024-01-01 07:08:52,214 - logger - INFO - Fetched 15/76 requests
2024-01-01 07:08:52,281 - logger - INFO - Fetched 20/76 requests
2024-01-01 07:08:52,344 - logger - INFO - Fetched 25/76 requests
2024-01-01 07:08:52,407 - logger - INFO - Fetched 30/76 requests
2024-01-01 07:08:52,472 - logger - INFO - Fetched 35/76 requests
2024-01-01 07:08:52,534 - logger - INFO - Fetched 40/76 requests
2024-01-01 07:08:52,597 - logger - INFO - Fetched 45/76 requests
2024-01-01 07:08:52,661 - logger - INFO - Fetched 50/76 requests
2024-01-01 07:08:52,723 - logger - INFO - Fetched 55/76 requests
2024-01-01 07:08:52,784 - logger - INFO - Fetched 60/76 requests
2024-01-01 07:08:52,849 - logger - INFO - Fetched 65/76 requests
2024-01-01 07:08:52,911 - logger - INFO - Fetched 70/76 requests
2024-01-01 07:08:52,973 - logger - INFO - Fetched 75/76 requests
2024-01-01 07:08:53,031 - logger - INFO - Fetched 76/76 requests
2024-01-01 07:08:53,032 - logger - INFO - Extracting problem urls from response
2024-01-01 07:08:53,069 - logger - INFO - Got 0 problem urls and saved to file
2024-01-01 07:08:53,069 - logger - INFO - Making bulk requests to 0 urls
2024-01-01 07:08:53,070 - logger - INFO - Fetching leaderboard done
2024-01-01 07:08:53,070 - logger - INFO - Dumping unsolved problems
2024-01-01 07:08:53,070 - logger - INFO - Dumping data to Data/unsolved.json
2024-01-01 07:08:53,071 - logger - INFO - Sorting leaderboard
2024-01-01 07:09:09,232 - logger - INFO - Getting all problem urls /p/all
2024-01-01 07:09:09,233 - logger - INFO - Making bulk requests to 76 urls
2024-01-01 07:09:09,312 - logger - INFO - Fetched 5/76 requests
2024-01-01 07:09:09,373 - logger - INFO - Fetched 10/76 requests
2024-01-01 07:09:09,437 - logger - INFO - Fetched 15/76 requests
2024-01-01 07:09:09,500 - logger - INFO - Fetched 20/76 requests
2024-01-01 07:09:09,563 - logger - INFO - Fetched 25/76 requests
2024-01-01 07:09:09,626 - logger - INFO - Fetched 30/76 requests
2024-01-01 07:09:09,690 - logger - INFO - Fetched 35/76 requests
2024-01-01 07:09:09,752 - logger - INFO - Fetched 40/76 requests
2024-01-01 07:09:09,815 - logger - INFO - Fetched 45/76 requests
2024-01-01 07:09:09,879 - logger - INFO - Fetched 50/76 requests
2024-01-01 07:09:09,942 - logger - INFO - Fetched 55/76 requests
2024-01-01 07:09:10,005 - logger - INFO - Fetched 60/76 requests
2024-01-01 07:09:10,070 - logger - INFO - Fetched 65/76 requests
2024-01-01 07:09:10,135 - logger - INFO - Fetched 70/76 requests
2024-01-01 07:09:10,197 - logger - INFO - Fetched 75/76 requests
2024-01-01 07:09:10,255 - logger - INFO - Fetched 76/76 requests
2024-01-01 07:09:10,255 - logger - INFO - Extracting problem urls from response
2024-01-01 07:09:10,287 - logger - INFO - Got 0 problem urls and saved to file
2024-01-01 07:09:10,287 - logger - INFO - Making bulk requests to 0 urls
2024-01-01 07:09:10,288 - logger - INFO - Fetching leaderboard done
2024-01-01 07:09:10,288 - logger - INFO - Dumping unsolved problems
2024-01-01 07:09:10,288 - logger - INFO - Dumping data to Data/unsolved.json
2024-01-01 07:09:10,289 - logger - INFO - Sorting leaderboard
2024-01-01 07:11:32,387 - logger - INFO - Getting all problem urls /p/all
2024-01-01 07:11:32,389 - logger - INFO - Making bulk requests to 76 urls
2024-01-01 07:11:32,969 - logger - INFO - Fetched 5/76 requests
2024-01-01 07:11:33,404 - logger - INFO - Fetched 10/76 requests
2024-01-01 07:11:33,717 - logger - INFO - Fetched 15/76 requests
2024-01-01 07:11:34,022 - logger - INFO - Fetched 20/76 requests
2024-01-01 07:11:34,348 - logger - INFO - Fetched 25/76 requests
2024-01-01 07:11:34,661 - logger - INFO - Fetched 30/76 requests
2024-01-01 07:11:34,983 - logger - INFO - Fetched 35/76 requests
2024-01-01 07:11:35,303 - logger - INFO - Fetched 40/76 requests
2024-01-01 07:11:35,626 - logger - INFO - Fetched 45/76 requests
2024-01-01 07:11:36,051 - logger - INFO - Fetched 50/76 requests
2024-01-01 07:11:36,374 - logger - INFO - Fetched 55/76 requests
2024-01-01 07:11:36,695 - logger - INFO - Fetched 60/76 requests
2024-01-01 07:11:37,023 - logger - INFO - Fetched 65/76 requests
2024-01-01 07:11:37,344 - logger - INFO - Fetched 70/76 requests
2024-01-01 07:11:37,609 - logger - INFO - Fetched 75/76 requests
2024-01-01 07:11:37,831 - logger - INFO - Fetched 76/76 requests
2024-01-01 07:11:37,832 - logger - INFO - Extracting problem urls from response
2024-01-01 07:11:38,391 - logger - INFO - Got 1806 problem urls and saved to file
2024-01-01 07:11:38,392 - logger - INFO - Making bulk requests to 1806 urls
2024-01-01 07:11:38,619 - logger - INFO - Fetched 5/1806 requests
2024-01-01 07:11:38,834 - logger - INFO - Fetched 10/1806 requests
2024-01-01 07:11:39,060 - logger - INFO - Fetched 15/1806 requests
2024-01-01 07:11:39,273 - logger - INFO - Fetched 20/1806 requests
2024-01-01 07:11:39,496 - logger - INFO - Fetched 25/1806 requests
2024-01-01 07:11:39,724 - logger - INFO - Fetched 30/1806 requests
2024-01-01 07:11:39,946 - logger - INFO - Fetched 35/1806 requests
2024-01-01 07:11:40,183 - logger - INFO - Fetched 40/1806 requests
2024-01-01 07:11:40,605 - logger - INFO - Fetched 45/1806 requests
2024-01-01 07:11:40,828 - logger - INFO - Fetched 50/1806 requests
2024-01-01 07:11:41,064 - logger - INFO - Fetched 55/1806 requests
2024-01-01 07:11:41,313 - logger - INFO - Fetched 60/1806 requests
2024-01-01 07:11:41,548 - logger - INFO - Fetched 65/1806 requests
2024-01-01 07:11:41,771 - logger - INFO - Fetched 70/1806 requests
2024-01-01 07:11:41,992 - logger - INFO - Fetched 75/1806 requests
2024-01-01 07:11:42,253 - logger - INFO - Fetched 80/1806 requests
2024-01-01 07:11:42,480 - logger - INFO - Fetched 85/1806 requests
2024-01-01 07:11:42,701 - logger - INFO - Fetched 90/1806 requests
2024-01-01 07:11:42,953 - logger - INFO - Fetched 95/1806 requests
2024-01-01 07:11:43,222 - logger - INFO - Fetched 100/1806 requests
2024-01-01 07:11:43,442 - logger - INFO - Fetched 105/1806 requests
2024-01-01 07:11:43,658 - logger - INFO - Fetched 110/1806 requests
2024-01-01 07:11:43,882 - logger - INFO - Fetched 115/1806 requests
2024-01-01 07:11:44,109 - logger - INFO - Fetched 120/1806 requests
2024-01-01 07:11:44,356 - logger - INFO - Fetched 125/1806 requests
2024-01-01 07:11:44,583 - logger - INFO - Fetched 130/1806 requests
2024-01-01 07:11:44,811 - logger - INFO - Fetched 135/1806 requests
2024-01-01 07:11:45,035 - logger - INFO - Fetched 140/1806 requests
2024-01-01 07:11:45,250 - logger - INFO - Fetched 145/1806 requests
2024-01-01 07:11:45,469 - logger - INFO - Fetched 150/1806 requests
2024-01-01 07:11:45,695 - logger - INFO - Fetched 155/1806 requests
2024-01-01 07:11:45,925 - logger - INFO - Fetched 160/1806 requests
2024-01-01 07:11:46,147 - logger - INFO - Fetched 165/1806 requests
2024-01-01 07:11:46,376 - logger - INFO - Fetched 170/1806 requests
2024-01-01 07:11:46,640 - logger - INFO - Fetched 175/1806 requests
2024-01-01 07:11:46,870 - logger - INFO - Fetched 180/1806 requests
2024-01-01 07:11:47,701 - logger - INFO - Fetched 185/1806 requests
2024-01-01 07:11:47,921 - logger - INFO - Fetched 190/1806 requests
2024-01-01 07:11:48,148 - logger - INFO - Fetched 195/1806 requests
2024-01-01 07:11:48,374 - logger - INFO - Fetched 200/1806 requests
2024-01-01 07:11:48,597 - logger - INFO - Fetched 205/1806 requests
2024-01-01 07:11:48,818 - logger - INFO - Fetched 210/1806 requests
2024-01-01 07:11:49,053 - logger - INFO - Fetched 215/1806 requests
2024-01-01 07:11:49,279 - logger - INFO - Fetched 220/1806 requests
2024-01-01 07:11:49,509 - logger - INFO - Fetched 225/1806 requests
2024-01-01 07:11:49,753 - logger - INFO - Fetched 230/1806 requests
2024-01-01 07:11:49,983 - logger - INFO - Fetched 235/1806 requests
2024-01-01 07:11:50,203 - logger - INFO - Fetched 240/1806 requests
2024-01-01 07:11:50,431 - logger - INFO - Fetched 245/1806 requests
2024-01-01 07:11:50,655 - logger - INFO - Fetched 250/1806 requests
2024-01-01 07:11:50,880 - logger - INFO - Fetched 255/1806 requests
2024-01-01 07:11:51,102 - logger - INFO - Fetched 260/1806 requests
2024-01-01 07:11:51,337 - logger - INFO - Fetched 265/1806 requests
2024-01-01 07:11:51,564 - logger - INFO - Fetched 270/1806 requests
2024-01-01 07:11:51,799 - logger - INFO - Fetched 275/1806 requests
2024-01-01 07:11:52,025 - logger - INFO - Fetched 280/1806 requests
2024-01-01 07:11:52,246 - logger - INFO - Fetched 285/1806 requests
2024-01-01 07:11:52,472 - logger - INFO - Fetched 290/1806 requests
2024-01-01 07:11:52,707 - logger - INFO - Fetched 295/1806 requests
2024-01-01 07:11:52,968 - logger - INFO - Fetched 300/1806 requests
2024-01-01 07:11:53,247 - logger - INFO - Fetched 305/1806 requests
2024-01-01 07:11:53,471 - logger - INFO - Fetched 310/1806 requests
2024-01-01 07:11:53,689 - logger - INFO - Fetched 315/1806 requests
2024-01-01 07:11:53,917 - logger - INFO - Fetched 320/1806 requests
2024-01-01 07:11:54,138 - logger - INFO - Fetched 325/1806 requests
2024-01-01 07:11:54,365 - logger - INFO - Fetched 330/1806 requests
2024-01-01 07:11:54,597 - logger - INFO - Fetched 335/1806 requests
2024-01-01 07:11:54,816 - logger - INFO - Fetched 340/1806 requests
2024-01-01 07:11:55,040 - logger - INFO - Fetched 345/1806 requests
2024-01-01 07:11:55,262 - logger - INFO - Fetched 350/1806 requests
2024-01-01 07:11:55,492 - logger - INFO - Fetched 355/1806 requests
2024-01-01 07:11:55,874 - logger - INFO - Fetched 360/1806 requests
2024-01-01 07:11:56,192 - logger - INFO - Fetched 365/1806 requests
2024-01-01 07:11:56,487 - logger - INFO - Fetched 370/1806 requests
2024-01-01 07:11:56,838 - logger - INFO - Fetched 375/1806 requests
2024-01-01 07:11:57,135 - logger - INFO - Fetched 380/1806 requests
2024-01-01 07:11:57,425 - logger - INFO - Fetched 385/1806 requests
2024-01-01 07:11:57,699 - logger - INFO - Fetched 390/1806 requests
2024-01-01 07:11:57,987 - logger - INFO - Fetched 395/1806 requests
2024-01-01 07:11:58,271 - logger - INFO - Fetched 400/1806 requests
2024-01-01 07:11:58,596 - logger - INFO - Fetched 405/1806 requests
2024-01-01 07:11:58,885 - logger - INFO - Fetched 410/1806 requests
2024-01-01 07:11:59,169 - logger - INFO - Fetched 415/1806 requests
2024-01-01 07:11:59,449 - logger - INFO - Fetched 420/1806 requests
2024-01-01 07:11:59,772 - logger - INFO - Fetched 425/1806 requests
2024-01-01 07:11:59,991 - logger - INFO - Fetched 430/1806 requests
2024-01-01 07:12:00,223 - logger - INFO - Fetched 435/1806 requests
2024-01-01 07:12:00,460 - logger - INFO - Fetched 440/1806 requests
2024-01-01 07:12:00,702 - logger - INFO - Fetched 445/1806 requests
2024-01-01 07:12:00,941 - logger - INFO - Fetched 450/1806 requests
2024-01-01 07:12:01,183 - logger - INFO - Fetched 455/1806 requests
2024-01-01 07:12:01,481 - logger - INFO - Fetched 460/1806 requests
2024-01-01 07:12:01,707 - logger - INFO - Fetched 465/1806 requests
2024-01-01 07:12:01,934 - logger - INFO - Fetched 470/1806 requests
2024-01-01 07:12:02,158 - logger - INFO - Fetched 475/1806 requests
2024-01-01 07:12:02,398 - logger - INFO - Fetched 480/1806 requests
2024-01-01 07:12:02,688 - logger - INFO - Fetched 485/1806 requests
2024-01-01 07:12:02,947 - logger - INFO - Fetched 490/1806 requests
2024-01-01 07:12:03,176 - logger - INFO - Fetched 495/1806 requests
2024-01-01 07:12:03,417 - logger - INFO - Fetched 500/1806 requests
2024-01-01 07:12:03,655 - logger - INFO - Fetched 505/1806 requests
2024-01-01 07:12:03,946 - logger - INFO - Fetched 510/1806 requests
2024-01-01 07:12:04,172 - logger - INFO - Fetched 515/1806 requests
2024-01-01 07:12:04,395 - logger - INFO - Fetched 520/1806 requests
2024-01-01 07:12:04,670 - logger - INFO - Fetched 525/1806 requests
2024-01-01 07:12:04,960 - logger - INFO - Fetched 530/1806 requests
2024-01-01 07:12:05,216 - logger - INFO - Fetched 535/1806 requests
2024-01-01 07:12:05,485 - logger - INFO - Fetched 540/1806 requests
2024-01-01 07:12:05,944 - logger - INFO - Fetched 545/1806 requests
2024-01-01 07:12:06,181 - logger - INFO - Fetched 550/1806 requests
2024-01-01 07:12:06,416 - logger - INFO - Fetched 555/1806 requests
2024-01-01 07:12:06,657 - logger - INFO - Fetched 560/1806 requests
2024-01-01 07:12:06,892 - logger - INFO - Fetched 565/1806 requests
2024-01-01 07:12:07,162 - logger - INFO - Fetched 570/1806 requests
2024-01-01 07:12:07,386 - logger - INFO - Fetched 575/1806 requests
2024-01-01 07:12:07,614 - logger - INFO - Fetched 580/1806 requests
2024-01-01 07:12:07,837 - logger - INFO - Fetched 585/1806 requests
2024-01-01 07:12:08,065 - logger - INFO - Fetched 590/1806 requests
2024-01-01 07:12:08,285 - logger - INFO - Fetched 595/1806 requests
2024-01-01 07:12:08,506 - logger - INFO - Fetched 600/1806 requests
2024-01-01 07:12:08,737 - logger - INFO - Fetched 605/1806 requests
2024-01-01 07:12:08,976 - logger - INFO - Fetched 610/1806 requests
2024-01-01 07:12:09,198 - logger - INFO - Fetched 615/1806 requests
2024-01-01 07:12:09,428 - logger - INFO - Fetched 620/1806 requests
2024-01-01 07:12:09,656 - logger - INFO - Fetched 625/1806 requests
2024-01-01 07:12:09,882 - logger - INFO - Fetched 630/1806 requests
2024-01-01 07:12:10,098 - logger - INFO - Fetched 635/1806 requests
2024-01-01 07:12:10,340 - logger - INFO - Fetched 640/1806 requests
2024-01-01 07:12:10,570 - logger - INFO - Fetched 645/1806 requests
2024-01-01 07:12:10,806 - logger - INFO - Fetched 650/1806 requests
2024-01-01 07:12:11,037 - logger - INFO - Fetched 655/1806 requests
2024-01-01 07:12:11,270 - logger - INFO - Fetched 660/1806 requests
2024-01-01 07:12:11,505 - logger - INFO - Fetched 665/1806 requests
2024-01-01 07:12:11,783 - logger - INFO - Fetched 670/1806 requests
2024-01-01 07:12:12,047 - logger - INFO - Fetched 675/1806 requests
2024-01-01 07:12:12,320 - logger - INFO - Fetched 680/1806 requests
2024-01-01 07:12:12,561 - logger - INFO - Fetched 685/1806 requests
2024-01-01 07:12:12,789 - logger - INFO - Fetched 690/1806 requests
2024-01-01 07:12:13,016 - logger - INFO - Fetched 695/1806 requests
2024-01-01 07:12:13,255 - logger - INFO - Fetched 700/1806 requests
2024-01-01 07:12:13,510 - logger - INFO - Fetched 705/1806 requests
2024-01-01 07:12:13,752 - logger - INFO - Fetched 710/1806 requests
2024-01-01 07:12:14,019 - logger - INFO - Fetched 715/1806 requests
2024-01-01 07:12:14,297 - logger - INFO - Fetched 720/1806 requests
2024-01-01 07:12:14,639 - logger - INFO - Fetched 725/1806 requests
2024-01-01 07:12:14,903 - logger - INFO - Fetched 730/1806 requests
2024-01-01 07:12:15,212 - logger - INFO - Fetched 735/1806 requests
2024-01-01 07:12:15,508 - logger - INFO - Fetched 740/1806 requests
2024-01-01 07:12:15,762 - logger - INFO - Fetched 745/1806 requests
2024-01-01 07:12:16,029 - logger - INFO - Fetched 750/1806 requests
2024-01-01 07:12:16,261 - logger - INFO - Fetched 755/1806 requests
2024-01-01 07:12:16,481 - logger - INFO - Fetched 760/1806 requests
2024-01-01 07:12:16,696 - logger - INFO - Fetched 765/1806 requests
2024-01-01 07:12:16,920 - logger - INFO - Fetched 770/1806 requests
2024-01-01 07:12:17,227 - logger - INFO - Fetched 775/1806 requests
2024-01-01 07:12:17,478 - logger - INFO - Fetched 780/1806 requests
2024-01-01 07:12:17,717 - logger - INFO - Fetched 785/1806 requests
2024-01-01 07:12:18,091 - logger - INFO - Fetched 790/1806 requests
2024-01-01 07:12:18,319 - logger - INFO - Fetched 795/1806 requests
2024-01-01 07:12:18,555 - logger - INFO - Fetched 800/1806 requests
2024-01-01 07:12:18,771 - logger - INFO - Fetched 805/1806 requests
2024-01-01 07:12:19,003 - logger - INFO - Fetched 810/1806 requests
2024-01-01 07:12:19,239 - logger - INFO - Fetched 815/1806 requests
2024-01-01 07:12:19,463 - logger - INFO - Fetched 820/1806 requests
2024-01-01 07:12:19,692 - logger - INFO - Fetched 825/1806 requests
2024-01-01 07:12:19,922 - logger - INFO - Fetched 830/1806 requests
2024-01-01 07:12:20,145 - logger - INFO - Fetched 835/1806 requests
2024-01-01 07:12:20,375 - logger - INFO - Fetched 840/1806 requests
2024-01-01 07:12:20,596 - logger - INFO - Fetched 845/1806 requests
2024-01-01 07:12:20,822 - logger - INFO - Fetched 850/1806 requests
2024-01-01 07:12:21,053 - logger - INFO - Fetched 855/1806 requests
2024-01-01 07:12:21,279 - logger - INFO - Fetched 860/1806 requests
2024-01-01 07:12:21,517 - logger - INFO - Fetched 865/1806 requests
2024-01-01 07:12:22,078 - logger - INFO - Fetched 870/1806 requests
2024-01-01 07:12:22,315 - logger - INFO - Fetched 875/1806 requests
2024-01-01 07:12:22,538 - logger - INFO - Fetched 880/1806 requests
2024-01-01 07:12:22,770 - logger - INFO - Fetched 885/1806 requests
2024-01-01 07:12:22,988 - logger - INFO - Fetched 890/1806 requests
2024-01-01 07:12:23,217 - logger - INFO - Fetched 895/1806 requests
2024-01-01 07:12:24,357 - logger - INFO - Fetched 900/1806 requests
2024-01-01 07:12:24,601 - logger - INFO - Fetched 905/1806 requests
2024-01-01 07:12:24,828 - logger - INFO - Fetched 910/1806 requests
2024-01-01 07:12:25,063 - logger - INFO - Fetched 915/1806 requests
2024-01-01 07:12:25,304 - logger - INFO - Fetched 920/1806 requests
2024-01-01 07:12:25,529 - logger - INFO - Fetched 925/1806 requests
2024-01-01 07:12:25,748 - logger - INFO - Fetched 930/1806 requests
2024-01-01 07:12:25,974 - logger - INFO - Fetched 935/1806 requests
2024-01-01 07:12:26,204 - logger - INFO - Fetched 940/1806 requests
2024-01-01 07:12:26,434 - logger - INFO - Fetched 945/1806 requests
2024-01-01 07:12:26,670 - logger - INFO - Fetched 950/1806 requests
2024-01-01 07:12:26,940 - logger - INFO - Fetched 955/1806 requests
2024-01-01 07:12:27,188 - logger - INFO - Fetched 960/1806 requests
2024-01-01 07:12:27,421 - logger - INFO - Fetched 965/1806 requests
2024-01-01 07:12:27,644 - logger - INFO - Fetched 970/1806 requests
2024-01-01 07:12:27,957 - logger - INFO - Fetched 975/1806 requests
2024-01-01 07:12:28,237 - logger - INFO - Fetched 980/1806 requests
2024-01-01 07:12:28,502 - logger - INFO - Fetched 985/1806 requests
2024-01-01 07:12:28,822 - logger - INFO - Fetched 990/1806 requests
2024-01-01 07:12:29,101 - logger - INFO - Fetched 995/1806 requests
2024-01-01 07:12:29,355 - logger - INFO - Fetched 1000/1806 requests
2024-01-01 07:12:29,627 - logger - INFO - Fetched 1005/1806 requests
2024-01-01 07:12:29,901 - logger - INFO - Fetched 1010/1806 requests
2024-01-01 07:12:30,157 - logger - INFO - Fetched 1015/1806 requests
2024-01-01 07:12:30,433 - logger - INFO - Fetched 1020/1806 requests
2024-01-01 07:12:30,683 - logger - INFO - Fetched 1025/1806 requests
2024-01-01 07:12:30,913 - logger - INFO - Fetched 1030/1806 requests
2024-01-01 07:12:31,164 - logger - INFO - Fetched 1035/1806 requests
2024-01-01 07:12:31,421 - logger - INFO - Fetched 1040/1806 requests
2024-01-01 07:12:31,703 - logger - INFO - Fetched 1045/1806 requests
2024-01-01 07:12:31,966 - logger - INFO - Fetched 1050/1806 requests
2024-01-01 07:12:32,194 - logger - INFO - Fetched 1055/1806 requests
2024-01-01 07:12:32,418 - logger - INFO - Fetched 1060/1806 requests
2024-01-01 07:12:32,760 - logger - INFO - Fetched 1065/1806 requests
2024-01-01 07:12:33,015 - logger - INFO - Fetched 1070/1806 requests
2024-01-01 07:12:33,286 - logger - INFO - Fetched 1075/1806 requests
2024-01-01 07:12:33,511 - logger - INFO - Fetched 1080/1806 requests
2024-01-01 07:12:34,007 - logger - INFO - Fetched 1085/1806 requests
2024-01-01 07:12:34,244 - logger - INFO - Fetched 1090/1806 requests
2024-01-01 07:12:34,483 - logger - INFO - Fetched 1095/1806 requests
2024-01-01 07:12:34,710 - logger - INFO - Fetched 1100/1806 requests
2024-01-01 07:12:34,938 - logger - INFO - Fetched 1105/1806 requests
2024-01-01 07:12:35,181 - logger - INFO - Fetched 1110/1806 requests
2024-01-01 07:12:35,417 - logger - INFO - Fetched 1115/1806 requests
2024-01-01 07:12:35,648 - logger - INFO - Fetched 1120/1806 requests
2024-01-01 07:12:35,959 - logger - INFO - Fetched 1125/1806 requests
2024-01-01 07:12:36,241 - logger - INFO - Fetched 1130/1806 requests
2024-01-01 07:12:36,588 - logger - INFO - Fetched 1135/1806 requests
2024-01-01 07:12:36,868 - logger - INFO - Fetched 1140/1806 requests
2024-01-01 07:12:37,151 - logger - INFO - Fetched 1145/1806 requests
2024-01-01 07:12:37,385 - logger - INFO - Fetched 1150/1806 requests
2024-01-01 07:12:37,617 - logger - INFO - Fetched 1155/1806 requests
2024-01-01 07:12:37,864 - logger - INFO - Fetched 1160/1806 requests
2024-01-01 07:12:38,099 - logger - INFO - Fetched 1165/1806 requests
2024-01-01 07:12:38,328 - logger - INFO - Fetched 1170/1806 requests
2024-01-01 07:12:38,589 - logger - INFO - Fetched 1175/1806 requests
2024-01-01 07:12:38,834 - logger - INFO - Fetched 1180/1806 requests
2024-01-01 07:12:39,062 - logger - INFO - Fetched 1185/1806 requests
2024-01-01 07:12:39,312 - logger - INFO - Fetched 1190/1806 requests
2024-01-01 07:12:39,561 - logger - INFO - Fetched 1195/1806 requests
2024-01-01 07:12:39,801 - logger - INFO - Fetched 1200/1806 requests
2024-01-01 07:12:40,045 - logger - INFO - Fetched 1205/1806 requests
2024-01-01 07:12:40,295 - logger - INFO - Fetched 1210/1806 requests
2024-01-01 07:12:40,521 - logger - INFO - Fetched 1215/1806 requests
2024-01-01 07:12:40,773 - logger - INFO - Fetched 1220/1806 requests
2024-01-01 07:12:41,021 - logger - INFO - Fetched 1225/1806 requests
2024-01-01 07:12:41,243 - logger - INFO - Fetched 1230/1806 requests
2024-01-01 07:12:41,493 - logger - INFO - Fetched 1235/1806 requests
2024-01-01 07:12:41,743 - logger - INFO - Fetched 1240/1806 requests
2024-01-01 07:12:41,981 - logger - INFO - Fetched 1245/1806 requests
2024-01-01 07:12:42,229 - logger - INFO - Fetched 1250/1806 requests
2024-01-01 07:12:42,501 - logger - INFO - Fetched 1255/1806 requests
2024-01-01 07:12:42,803 - logger - INFO - Fetched 1260/1806 requests
2024-01-01 07:12:43,033 - logger - INFO - Fetched 1265/1806 requests
2024-01-01 07:12:43,291 - logger - INFO - Fetched 1270/1806 requests
2024-01-01 07:12:43,538 - logger - INFO - Fetched 1275/1806 requests
2024-01-01 07:12:43,769 - logger - INFO - Fetched 1280/1806 requests
2024-01-01 07:12:44,020 - logger - INFO - Fetched 1285/1806 requests
2024-01-01 07:12:44,264 - logger - INFO - Fetched 1290/1806 requests
2024-01-01 07:12:44,493 - logger - INFO - Fetched 1295/1806 requests
2024-01-01 07:12:44,723 - logger - INFO - Fetched 1300/1806 requests
2024-01-01 07:12:44,949 - logger - INFO - Fetched 1305/1806 requests
2024-01-01 07:12:45,223 - logger - INFO - Fetched 1310/1806 requests
2024-01-01 07:12:45,454 - logger - INFO - Fetched 1315/1806 requests
2024-01-01 07:12:45,691 - logger - INFO - Fetched 1320/1806 requests
2024-01-01 07:12:45,969 - logger - INFO - Fetched 1325/1806 requests
2024-01-01 07:12:46,223 - logger - INFO - Fetched 1330/1806 requests
2024-01-01 07:12:46,456 - logger - INFO - Fetched 1335/1806 requests
2024-01-01 07:12:46,685 - logger - INFO - Fetched 1340/1806 requests
2024-01-01 07:12:46,906 - logger - INFO - Fetched 1345/1806 requests
2024-01-01 07:12:47,159 - logger - INFO - Fetched 1350/1806 requests
2024-01-01 07:12:47,397 - logger - INFO - Fetched 1355/1806 requests
2024-01-01 07:12:47,645 - logger - INFO - Fetched 1360/1806 requests
2024-01-01 07:12:47,913 - logger - INFO - Fetched 1365/1806 requests
2024-01-01 07:12:48,135 - logger - INFO - Fetched 1370/1806 requests
2024-01-01 07:12:48,348 - logger - INFO - Fetched 1375/1806 requests
2024-01-01 07:12:48,601 - logger - INFO - Fetched 1380/1806 requests
2024-01-01 07:12:48,827 - logger - INFO - Fetched 1385/1806 requests
2024-01-01 07:12:49,065 - logger - INFO - Fetched 1390/1806 requests
2024-01-01 07:12:49,316 - logger - INFO - Fetched 1395/1806 requests
2024-01-01 07:12:49,572 - logger - INFO - Fetched 1400/1806 requests
2024-01-01 07:12:49,821 - logger - INFO - Fetched 1405/1806 requests
2024-01-01 07:12:50,085 - logger - INFO - Fetched 1410/1806 requests
2024-01-01 07:12:50,303 - logger - INFO - Fetched 1415/1806 requests
2024-01-01 07:12:50,697 - logger - INFO - Fetched 1420/1806 requests
2024-01-01 07:12:50,934 - logger - INFO - Fetched 1425/1806 requests
2024-01-01 07:12:51,173 - logger - INFO - Fetched 1430/1806 requests
2024-01-01 07:12:51,408 - logger - INFO - Fetched 1435/1806 requests
2024-01-01 07:12:51,635 - logger - INFO - Fetched 1440/1806 requests
2024-01-01 07:12:51,861 - logger - INFO - Fetched 1445/1806 requests
2024-01-01 07:12:52,086 - logger - INFO - Fetched 1450/1806 requests
2024-01-01 07:12:52,358 - logger - INFO - Fetched 1455/1806 requests
2024-01-01 07:12:52,659 - logger - INFO - Fetched 1460/1806 requests
2024-01-01 07:12:52,995 - logger - INFO - Fetched 1465/1806 requests
2024-01-01 07:12:53,225 - logger - INFO - Fetched 1470/1806 requests
2024-01-01 07:12:53,451 - logger - INFO - Fetched 1475/1806 requests
2024-01-01 07:12:53,672 - logger - INFO - Fetched 1480/1806 requests
2024-01-01 07:12:53,901 - logger - INFO - Fetched 1485/1806 requests
2024-01-01 07:12:54,131 - logger - INFO - Fetched 1490/1806 requests
2024-01-01 07:12:54,362 - logger - INFO - Fetched 1495/1806 requests
2024-01-01 07:12:54,591 - logger - INFO - Fetched 1500/1806 requests
2024-01-01 07:12:54,817 - logger - INFO - Fetched 1505/1806 requests
2024-01-01 07:12:55,550 - logger - INFO - Fetched 1510/1806 requests
2024-01-01 07:12:55,773 - logger - INFO - Fetched 1515/1806 requests
2024-01-01 07:12:56,378 - logger - INFO - Fetched 1520/1806 requests
2024-01-01 07:12:56,614 - logger - INFO - Fetched 1525/1806 requests
2024-01-01 07:12:56,844 - logger - INFO - Fetched 1530/1806 requests
2024-01-01 07:12:57,094 - logger - INFO - Fetched 1535/1806 requests
2024-01-01 07:12:57,317 - logger - INFO - Fetched 1540/1806 requests
2024-01-01 07:12:57,546 - logger - INFO - Fetched 1545/1806 requests
2024-01-01 07:12:57,771 - logger - INFO - Fetched 1550/1806 requests
2024-01-01 07:12:57,997 - logger - INFO - Fetched 1555/1806 requests
2024-01-01 07:12:58,379 - logger - INFO - Fetched 1560/1806 requests
2024-01-01 07:12:58,603 - logger - INFO - Fetched 1565/1806 requests
2024-01-01 07:12:58,819 - logger - INFO - Fetched 1570/1806 requests
2024-01-01 07:12:59,428 - logger - INFO - Fetched 1575/1806 requests
2024-01-01 07:12:59,660 - logger - INFO - Fetched 1580/1806 requests
2024-01-01 07:12:59,902 - logger - INFO - Fetched 1585/1806 requests
2024-01-01 07:13:00,186 - logger - INFO - Fetched 1590/1806 requests
2024-01-01 07:13:00,470 - logger - INFO - Fetched 1595/1806 requests
2024-01-01 07:13:00,761 - logger - INFO - Fetched 1600/1806 requests
2024-01-01 07:13:01,121 - logger - INFO - Fetched 1605/1806 requests
2024-01-01 07:13:01,568 - logger - INFO - Fetched 1610/1806 requests
2024-01-01 07:13:01,838 - logger - INFO - Fetched 1615/1806 requests
2024-01-01 07:13:02,080 - logger - INFO - Fetched 1620/1806 requests
2024-01-01 07:13:02,350 - logger - INFO - Fetched 1625/1806 requests
2024-01-01 07:13:02,589 - logger - INFO - Fetched 1630/1806 requests
2024-01-01 07:13:02,867 - logger - INFO - Fetched 1635/1806 requests
2024-01-01 07:13:03,228 - logger - INFO - Fetched 1640/1806 requests
2024-01-01 07:13:03,528 - logger - INFO - Fetched 1645/1806 requests
2024-01-01 07:13:03,806 - logger - INFO - Fetched 1650/1806 requests
2024-01-01 07:13:04,052 - logger - INFO - Fetched 1655/1806 requests
2024-01-01 07:13:04,323 - logger - INFO - Fetched 1660/1806 requests
2024-01-01 07:13:04,563 - logger - INFO - Fetched 1665/1806 requests
2024-01-01 07:13:04,804 - logger - INFO - Fetched 1670/1806 requests
2024-01-01 07:13:05,044 - logger - INFO - Fetched 1675/1806 requests
2024-01-01 07:13:05,308 - logger - INFO - Fetched 1680/1806 requests
2024-01-01 07:13:05,536 - logger - INFO - Fetched 1685/1806 requests
2024-01-01 07:13:05,811 - logger - INFO - Fetched 1690/1806 requests
2024-01-01 07:13:06,048 - logger - INFO - Fetched 1695/1806 requests
2024-01-01 07:13:06,299 - logger - INFO - Fetched 1700/1806 requests
2024-01-01 07:13:06,520 - logger - INFO - Fetched 1705/1806 requests
2024-01-01 07:13:06,747 - logger - INFO - Fetched 1710/1806 requests
2024-01-01 07:13:06,971 - logger - INFO - Fetched 1715/1806 requests
2024-01-01 07:13:07,216 - logger - INFO - Fetched 1720/1806 requests
2024-01-01 07:13:07,512 - logger - INFO - Fetched 1725/1806 requests
2024-01-01 07:13:07,745 - logger - INFO - Fetched 1730/1806 requests
2024-01-01 07:13:07,974 - logger - INFO - Fetched 1735/1806 requests
2024-01-01 07:13:08,203 - logger - INFO - Fetched 1740/1806 requests
2024-01-01 07:13:08,508 - logger - INFO - Fetched 1745/1806 requests
2024-01-01 07:13:08,822 - logger - INFO - Fetched 1750/1806 requests
2024-01-01 07:13:09,044 - logger - INFO - Fetched 1755/1806 requests
2024-01-01 07:13:09,271 - logger - INFO - Fetched 1760/1806 requests
2024-01-01 07:13:09,500 - logger - INFO - Fetched 1765/1806 requests
2024-01-01 07:13:09,725 - logger - INFO - Fetched 1770/1806 requests
2024-01-01 07:13:10,455 - logger - INFO - Fetched 1775/1806 requests
2024-01-01 07:13:10,685 - logger - INFO - Fetched 1780/1806 requests
2024-01-01 07:13:10,960 - logger - INFO - Fetched 1785/1806 requests
2024-01-01 07:13:11,198 - logger - INFO - Fetched 1790/1806 requests
2024-01-01 07:13:11,429 - logger - INFO - Fetched 1795/1806 requests
2024-01-01 07:13:11,670 - logger - INFO - Fetched 1800/1806 requests
2024-01-01 07:13:11,934 - logger - INFO - Fetched 1805/1806 requests
2024-01-01 07:13:12,121 - logger - INFO - Fetched 1806/1806 requests
2024-01-01 07:13:24,321 - logger - INFO - Fetching leaderboard done
2024-01-01 07:13:24,322 - logger - INFO - Dumping unsolved problems
2024-01-01 07:13:24,322 - logger - INFO - Dumping data to Data/unsolved.json
2024-01-01 07:13:24,326 - logger - INFO - Sorting leaderboard
2024-01-01 07:13:24,327 - logger - INFO - Dumping data to Data/leaderboard.json
2024-01-01 07:13:24,327 - logger - INFO - Dumping data to Data/users/fastest.json
2024-01-01 07:13:24,329 - logger - INFO - Dumping data to Data/users/lightest.json
2024-01-01 07:13:24,330 - logger - INFO - Dumping data to Data/users/shortest.json
2024-01-01 07:13:24,333 - logger - INFO - Dumped leaderboard data
2024-01-01 07:14:34,904 - logger - INFO - Getting all problem urls /p/all
2024-01-01 07:14:34,904 - logger - INFO - Making bulk requests to 76 urls
2024-01-01 07:14:35,416 - logger - INFO - Fetched 5/76 requests
2024-01-01 07:14:35,728 - logger - INFO - Fetched 10/76 requests
2024-01-01 07:14:36,057 - logger - INFO - Fetched 15/76 requests
2024-01-01 07:14:36,377 - logger - INFO - Fetched 20/76 requests
2024-01-01 07:14:36,700 - logger - INFO - Fetched 25/76 requests
2024-01-01 07:14:37,007 - logger - INFO - Fetched 30/76 requests
2024-01-01 07:14:37,318 - logger - INFO - Fetched 35/76 requests
2024-01-01 07:14:37,638 - logger - INFO - Fetched 40/76 requests
2024-01-01 07:14:37,942 - logger - INFO - Fetched 45/76 requests
2024-01-01 07:14:38,254 - logger - INFO - Fetched 50/76 requests
2024-01-01 07:14:38,565 - logger - INFO - Fetched 55/76 requests
2024-01-01 07:14:38,882 - logger - INFO - Fetched 60/76 requests
2024-01-01 07:14:39,377 - logger - INFO - Fetched 65/76 requests
2024-01-01 07:14:39,687 - logger - INFO - Fetched 70/76 requests
2024-01-01 07:14:39,950 - logger - INFO - Fetched 75/76 requests
2024-01-01 07:14:40,136 - logger - INFO - Fetched 76/76 requests
2024-01-01 07:14:40,136 - logger - INFO - Extracting problem urls from response
2024-01-01 07:14:40,633 - logger - INFO - Got 1806 problem urls and saved to file
2024-01-01 07:14:40,634 - logger - INFO - Making bulk requests to 1806 urls
2024-01-01 07:15:02,056 - logger - INFO - Getting all problem urls /p/all
2024-01-01 07:15:02,056 - logger - INFO - Making bulk requests to 76 urls
2024-01-01 07:15:03,171 - logger - INFO - Fetched 20/76 requests
2024-01-01 07:15:04,120 - logger - INFO - Fetched 40/76 requests
2024-01-01 07:15:05,153 - logger - INFO - Fetched 60/76 requests
2024-01-01 07:15:05,782 - logger - INFO - Fetched 76/76 requests
2024-01-01 07:15:05,783 - logger - INFO - Extracting problem urls from response
2024-01-01 07:15:06,290 - logger - INFO - Got 1806 problem urls and saved to file
2024-01-01 07:15:06,291 - logger - INFO - Making bulk requests to 1806 urls
2024-01-01 07:15:06,856 - logger - INFO - Fetched 20/1806 requests
2024-01-01 07:15:07,492 - logger - INFO - Fetched 40/1806 requests
2024-01-01 07:15:08,289 - logger - INFO - Fetched 60/1806 requests
2024-01-01 07:15:08,860 - logger - INFO - Fetched 80/1806 requests
2024-01-01 07:15:09,586 - logger - INFO - Fetched 100/1806 requests
2024-01-01 07:15:10,177 - logger - INFO - Fetched 120/1806 requests
2024-01-01 07:15:10,734 - logger - INFO - Fetched 140/1806 requests
2024-01-01 07:15:11,592 - logger - INFO - Fetched 160/1806 requests
2024-01-01 07:15:12,276 - logger - INFO - Fetched 180/1806 requests
2024-01-01 07:15:12,999 - logger - INFO - Fetched 200/1806 requests
2024-01-01 07:15:13,559 - logger - INFO - Fetched 220/1806 requests
2024-01-01 07:15:14,179 - logger - INFO - Fetched 240/1806 requests
2024-01-01 07:15:14,805 - logger - INFO - Fetched 260/1806 requests
2024-01-01 07:15:15,461 - logger - INFO - Fetched 280/1806 requests
2024-01-01 07:15:16,020 - logger - INFO - Fetched 300/1806 requests
2024-01-01 07:15:16,675 - logger - INFO - Fetched 320/1806 requests
2024-01-01 07:15:17,362 - logger - INFO - Fetched 340/1806 requests
2024-01-01 07:15:18,074 - logger - INFO - Fetched 360/1806 requests
2024-01-01 07:15:18,662 - logger - INFO - Fetched 380/1806 requests
2024-01-01 07:15:20,081 - logger - INFO - Fetched 400/1806 requests
2024-01-01 07:15:20,721 - logger - INFO - Fetched 420/1806 requests
2024-01-01 07:15:21,269 - logger - INFO - Fetched 440/1806 requests
2024-01-01 07:15:21,840 - logger - INFO - Fetched 460/1806 requests
2024-01-01 07:15:22,394 - logger - INFO - Fetched 480/1806 requests
2024-01-01 07:15:22,966 - logger - INFO - Fetched 500/1806 requests
2024-01-01 07:15:23,548 - logger - INFO - Fetched 520/1806 requests
2024-01-01 07:15:24,166 - logger - INFO - Fetched 540/1806 requests
2024-01-01 07:15:24,898 - logger - INFO - Fetched 560/1806 requests
2024-01-01 07:15:25,464 - logger - INFO - Fetched 580/1806 requests
2024-01-01 07:15:26,116 - logger - INFO - Fetched 600/1806 requests
2024-01-01 07:15:26,675 - logger - INFO - Fetched 620/1806 requests
2024-01-01 07:15:27,410 - logger - INFO - Fetched 640/1806 requests
2024-01-01 07:15:27,949 - logger - INFO - Fetched 660/1806 requests
2024-01-01 07:15:28,522 - logger - INFO - Fetched 680/1806 requests
2024-01-01 07:15:29,184 - logger - INFO - Fetched 700/1806 requests
2024-01-01 07:15:29,753 - logger - INFO - Fetched 720/1806 requests
2024-01-01 07:15:30,310 - logger - INFO - Fetched 740/1806 requests
2024-01-01 07:15:30,926 - logger - INFO - Fetched 760/1806 requests
2024-01-01 07:15:31,495 - logger - INFO - Fetched 780/1806 requests
2024-01-01 07:15:32,073 - logger - INFO - Fetched 800/1806 requests
2024-01-01 07:15:32,622 - logger - INFO - Fetched 820/1806 requests
2024-01-01 07:15:33,191 - logger - INFO - Fetched 840/1806 requests
2024-01-01 07:15:33,746 - logger - INFO - Fetched 860/1806 requests
2024-01-01 07:15:34,319 - logger - INFO - Fetched 880/1806 requests
2024-01-01 07:15:35,243 - logger - INFO - Fetched 900/1806 requests
2024-01-01 07:15:35,803 - logger - INFO - Fetched 920/1806 requests
2024-01-01 07:15:36,367 - logger - INFO - Fetched 940/1806 requests
2024-01-01 07:15:36,936 - logger - INFO - Fetched 960/1806 requests
2024-01-01 07:15:37,502 - logger - INFO - Fetched 980/1806 requests
2024-01-01 07:15:38,071 - logger - INFO - Fetched 1000/1806 requests
2024-01-01 07:15:39,410 - logger - INFO - Fetched 1020/1806 requests
2024-01-01 07:15:39,964 - logger - INFO - Fetched 1040/1806 requests
2024-01-01 07:15:40,521 - logger - INFO - Fetched 1060/1806 requests
2024-01-01 07:15:41,088 - logger - INFO - Fetched 1080/1806 requests
2024-01-01 07:15:41,633 - logger - INFO - Fetched 1100/1806 requests
2024-01-01 07:15:42,187 - logger - INFO - Fetched 1120/1806 requests
2024-01-01 07:15:43,015 - logger - INFO - Fetched 1140/1806 requests
2024-01-01 07:15:43,638 - logger - INFO - Fetched 1160/1806 requests
2024-01-01 07:15:44,201 - logger - INFO - Fetched 1180/1806 requests
2024-01-01 07:15:44,828 - logger - INFO - Fetched 1200/1806 requests
2024-01-01 07:15:45,405 - logger - INFO - Fetched 1220/1806 requests
2024-01-01 07:15:46,026 - logger - INFO - Fetched 1240/1806 requests
2024-01-01 07:15:46,605 - logger - INFO - Fetched 1260/1806 requests
2024-01-01 07:15:47,151 - logger - INFO - Fetched 1280/1806 requests
2024-01-01 07:15:47,731 - logger - INFO - Fetched 1300/1806 requests
2024-01-01 07:15:48,421 - logger - INFO - Fetched 1320/1806 requests
2024-01-01 07:15:49,136 - logger - INFO - Fetched 1340/1806 requests
2024-01-01 07:15:49,777 - logger - INFO - Fetched 1360/1806 requests
2024-01-01 07:15:50,320 - logger - INFO - Fetched 1380/1806 requests
2024-01-01 07:15:51,047 - logger - INFO - Fetched 1400/1806 requests
2024-01-01 07:15:51,699 - logger - INFO - Fetched 1420/1806 requests
2024-01-01 07:15:52,259 - logger - INFO - Fetched 1440/1806 requests
2024-01-01 07:15:52,826 - logger - INFO - Fetched 1460/1806 requests
2024-01-01 07:15:53,376 - logger - INFO - Fetched 1480/1806 requests
2024-01-01 07:15:53,965 - logger - INFO - Fetched 1500/1806 requests
2024-01-01 07:15:54,658 - logger - INFO - Fetched 1520/1806 requests
2024-01-01 07:15:55,441 - logger - INFO - Fetched 1540/1806 requests
2024-01-01 07:15:56,113 - logger - INFO - Fetched 1560/1806 requests
2024-01-01 07:15:57,167 - logger - INFO - Fetched 1580/1806 requests
2024-01-01 07:15:57,761 - logger - INFO - Fetched 1600/1806 requests
2024-01-01 07:15:58,329 - logger - INFO - Fetched 1620/1806 requests
2024-01-01 07:15:58,928 - logger - INFO - Fetched 1640/1806 requests
2024-01-01 07:15:59,505 - logger - INFO - Fetched 1660/1806 requests
2024-01-01 07:16:00,130 - logger - INFO - Fetched 1680/1806 requests
2024-01-01 07:16:00,684 - logger - INFO - Fetched 1700/1806 requests
2024-01-01 07:16:01,215 - logger - INFO - Fetched 1720/1806 requests
2024-01-01 07:16:02,001 - logger - INFO - Fetched 1740/1806 requests
2024-01-01 07:16:02,744 - logger - INFO - Fetched 1760/1806 requests
2024-01-01 07:16:03,456 - logger - INFO - Fetched 1780/1806 requests
2024-01-01 07:16:04,069 - logger - INFO - Fetched 1800/1806 requests
2024-01-01 07:16:04,364 - logger - INFO - Fetched 1806/1806 requests
2024-01-01 07:16:15,247 - logger - INFO - Fetching leaderboard done
2024-01-01 07:16:15,247 - logger - INFO - Dumping unsolved problems
2024-01-01 07:16:15,248 - logger - INFO - Dumping data to Data/unsolved.json
2024-01-01 07:16:15,250 - logger - INFO - Sorting leaderboard
2024-01-01 07:16:15,251 - logger - INFO - Dumping data to Data/leaderboard.json
2024-01-01 07:16:15,252 - logger - INFO - Dumping data to Data/users/fastest.json
2024-01-01 07:16:15,253 - logger - INFO - Dumping data to Data/users/lightest.json
2024-01-01 07:16:15,254 - logger - INFO - Dumping data to Data/users/shortest.json
2024-01-01 07:16:15,255 - logger - INFO - Dumped leaderboard data
2024-01-01 07:16:33,356 - logger - INFO - Getting all problem urls /p/all
2024-01-01 07:16:33,357 - logger - INFO - Making bulk requests to 76 urls
2024-01-01 07:16:35,632 - logger - INFO - Fetched 50/76 requests
2024-01-01 07:16:36,645 - logger - INFO - Fetched 76/76 requests
2024-01-01 07:16:36,645 - logger - INFO - Extracting problem urls from response
2024-01-01 07:16:37,179 - logger - INFO - Got 1806 problem urls and saved to file
2024-01-01 07:16:37,180 - logger - INFO - Making bulk requests to 1806 urls
2024-01-01 07:16:38,512 - logger - INFO - Fetched 50/1806 requests
2024-01-01 07:16:39,654 - logger - INFO - Fetched 100/1806 requests
2024-01-01 07:16:40,599 - logger - INFO - Fetched 150/1806 requests
2024-01-01 07:16:42,324 - logger - INFO - Fetched 200/1806 requests
2024-01-01 07:16:43,275 - logger - INFO - Fetched 250/1806 requests
2024-01-01 07:16:44,611 - logger - INFO - Fetched 300/1806 requests
2024-01-01 07:16:45,813 - logger - INFO - Fetched 350/1806 requests
2024-01-01 07:16:46,782 - logger - INFO - Fetched 400/1806 requests
2024-01-01 07:16:48,002 - logger - INFO - Fetched 450/1806 requests
2024-01-01 07:16:48,856 - logger - INFO - Fetched 500/1806 requests
2024-01-01 07:16:49,790 - logger - INFO - Fetched 550/1806 requests
2024-01-01 07:16:50,899 - logger - INFO - Fetched 600/1806 requests
2024-01-01 07:16:51,882 - logger - INFO - Fetched 650/1806 requests
2024-01-01 07:16:53,148 - logger - INFO - Fetched 700/1806 requests
2024-01-01 07:16:54,025 - logger - INFO - Fetched 750/1806 requests
2024-01-01 07:16:54,936 - logger - INFO - Fetched 800/1806 requests
2024-01-01 07:16:55,760 - logger - INFO - Fetched 850/1806 requests
2024-01-01 07:16:57,369 - logger - INFO - Fetched 900/1806 requests
2024-01-01 07:16:58,605 - logger - INFO - Fetched 950/1806 requests
2024-01-01 07:16:59,567 - logger - INFO - Fetched 1000/1806 requests
2024-01-01 07:17:00,418 - logger - INFO - Fetched 1050/1806 requests
2024-01-01 07:17:01,271 - logger - INFO - Fetched 1100/1806 requests
2024-01-01 07:17:02,145 - logger - INFO - Fetched 1150/1806 requests
2024-01-01 07:17:03,706 - logger - INFO - Fetched 1200/1806 requests
2024-01-01 07:17:04,671 - logger - INFO - Fetched 1250/1806 requests
2024-01-01 07:17:05,930 - logger - INFO - Fetched 1300/1806 requests
2024-01-01 07:17:07,046 - logger - INFO - Fetched 1350/1806 requests
2024-01-01 07:17:08,211 - logger - INFO - Fetched 1400/1806 requests
2024-01-01 07:17:09,399 - logger - INFO - Fetched 1450/1806 requests
2024-01-01 07:17:10,489 - logger - INFO - Fetched 1500/1806 requests
2024-01-01 07:17:11,775 - logger - INFO - Fetched 1550/1806 requests
2024-01-01 07:17:13,386 - logger - INFO - Fetched 1600/1806 requests
2024-01-01 07:17:14,318 - logger - INFO - Fetched 1650/1806 requests
2024-01-01 07:17:15,166 - logger - INFO - Fetched 1700/1806 requests
2024-01-01 07:17:16,036 - logger - INFO - Fetched 1750/1806 requests
2024-01-01 07:17:17,240 - logger - INFO - Fetched 1800/1806 requests
2024-01-01 07:17:17,536 - logger - INFO - Fetched 1806/1806 requests
2024-01-01 07:17:29,153 - logger - INFO - Fetching leaderboard done
2024-01-01 07:17:29,153 - logger - INFO - Dumping unsolved problems
2024-01-01 07:17:29,154 - logger - INFO - Dumping data to Data/unsolved.json
2024-01-01 07:17:29,159 - logger - INFO - Sorting leaderboard
2024-01-01 07:17:29,162 - logger - INFO - Dumping data to Data/leaderboard.json
2024-01-01 07:17:29,163 - logger - INFO - Dumping data to Data/users/fastest.json
2024-01-01 07:17:29,165 - logger - INFO - Dumping data to Data/users/lightest.json
2024-01-01 07:17:29,166 - logger - INFO - Dumping data to Data/users/shortest.json
2024-01-01 07:17:29,168 - logger - INFO - Dumped leaderboard data
2024-01-01 07:18:26,369 - logger - INFO - Getting all problem urls /p/all
2024-01-01 07:18:26,369 - logger - INFO - Making bulk requests to 76 urls
2024-01-01 07:18:28,903 - logger - INFO - Fetched 50/76 requests
2024-01-01 07:18:29,921 - logger - INFO - Fetched 76/76 requests
2024-01-01 07:18:29,921 - logger - INFO - Extracting problem urls from response
2024-01-01 07:18:30,455 - logger - INFO - Got 1806 problem urls and saved to file
2024-01-01 07:18:30,455 - logger - INFO - Making bulk requests to 1806 urls
2024-01-01 07:18:31,769 - logger - INFO - Fetched 50/1806 requests
2024-01-01 07:18:32,926 - logger - INFO - Fetched 100/1806 requests
2024-01-01 07:18:34,093 - logger - INFO - Fetched 150/1806 requests
2024-01-01 07:18:35,519 - logger - INFO - Fetched 200/1806 requests
2024-01-01 07:18:36,436 - logger - INFO - Fetched 250/1806 requests
2024-01-01 07:18:37,552 - logger - INFO - Fetched 300/1806 requests
2024-01-01 07:18:38,683 - logger - INFO - Fetched 350/1806 requests
2024-01-01 07:18:39,564 - logger - INFO - Fetched 400/1806 requests
2024-01-01 07:18:40,396 - logger - INFO - Fetched 450/1806 requests
2024-01-01 07:18:41,247 - logger - INFO - Fetched 500/1806 requests
2024-01-01 07:18:42,416 - logger - INFO - Fetched 550/1806 requests
2024-01-01 07:18:43,410 - logger - INFO - Fetched 600/1806 requests
2024-01-01 07:18:44,527 - logger - INFO - Fetched 650/1806 requests
2024-01-01 07:18:45,562 - logger - INFO - Fetched 700/1806 requests
2024-01-01 07:18:46,486 - logger - INFO - Fetched 750/1806 requests
2024-01-01 07:18:47,741 - logger - INFO - Fetched 800/1806 requests
2024-01-01 07:18:48,564 - logger - INFO - Fetched 850/1806 requests
2024-01-01 07:18:50,174 - logger - INFO - Fetched 900/1806 requests
2024-01-01 07:18:51,042 - logger - INFO - Fetched 950/1806 requests
2024-01-01 07:18:52,004 - logger - INFO - Fetched 1000/1806 requests
2024-01-01 07:18:53,319 - logger - INFO - Fetched 1050/1806 requests
2024-01-01 07:18:54,167 - logger - INFO - Fetched 1100/1806 requests
2024-01-01 07:18:55,017 - logger - INFO - Fetched 1150/1806 requests
2024-01-01 07:18:55,985 - logger - INFO - Fetched 1200/1806 requests
2024-01-01 07:18:56,882 - logger - INFO - Fetched 1250/1806 requests
2024-01-01 07:18:58,085 - logger - INFO - Fetched 1300/1806 requests
2024-01-01 07:18:59,480 - logger - INFO - Fetched 1350/1806 requests
2024-01-01 07:19:00,634 - logger - INFO - Fetched 1400/1806 requests
2024-01-01 07:19:02,268 - logger - INFO - Fetched 1450/1806 requests
2024-01-01 07:19:03,243 - logger - INFO - Fetched 1500/1806 requests
2024-01-01 07:19:04,460 - logger - INFO - Fetched 1550/1806 requests
2024-01-01 07:19:05,977 - logger - INFO - Fetched 1600/1806 requests
2024-01-01 07:19:06,886 - logger - INFO - Fetched 1650/1806 requests
2024-01-01 07:19:08,233 - logger - INFO - Fetched 1700/1806 requests
2024-01-01 07:19:09,109 - logger - INFO - Fetched 1750/1806 requests
2024-01-01 07:19:10,328 - logger - INFO - Fetched 1800/1806 requests
2024-01-01 07:19:10,625 - logger - INFO - Fetched 1806/1806 requests
2024-01-01 07:19:22,036 - logger - INFO - Fetching leaderboard done
2024-01-01 07:19:22,037 - logger - INFO - Dumping unsolved problems
2024-01-01 07:19:22,037 - logger - INFO - Dumping data to Data/unsolved.json
2024-01-01 07:19:22,041 - logger - INFO - Sorting leaderboard
2024-01-01 07:19:22,042 - logger - INFO - Dumping data to Data/leaderboard.json
2024-01-01 07:19:22,043 - logger - INFO - Dumping data to Data/users/fastest.json
2024-01-01 07:19:22,044 - logger - INFO - Dumping data to Data/users/lightest.json
2024-01-01 07:19:22,045 - logger - INFO - Dumping data to Data/users/shortest.json
2024-01-01 07:19:22,045 - logger - INFO - Dumped leaderboard data
